SF:lib/core/models/team_model.dart
DA:10,2
LF:1
LH:1
end_of_record
SF:lib/core/services/settings_service.dart
DA:9,12
DA:10,8
DA:11,4
DA:12,4
DA:13,4
DA:14,4
DA:17,1
DA:27,4
DA:28,8
DA:29,2
DA:30,9
DA:33,3
DA:35,3
DA:36,1
DA:38,1
DA:41,1
DA:42,2
DA:43,3
DA:48,1
DA:51,1
DA:53,3
DA:55,3
DA:62,3
DA:84,4
DA:86,12
DA:87,4
DA:88,0
DA:90,4
DA:94,2
DA:95,4
DA:96,2
DA:97,2
DA:101,4
DA:102,4
DA:103,3
DA:105,2
DA:106,1
DA:107,3
DA:108,0
DA:110,1
DA:111,1
DA:115,2
DA:116,7
DA:117,2
DA:118,2
DA:120,2
DA:121,4
DA:125,4
DA:126,4
DA:127,3
DA:129,0
DA:130,0
DA:134,1
DA:135,3
DA:136,1
DA:138,1
DA:139,3
LF:57
LH:53
end_of_record
SF:lib/core/services/team_service.dart
DA:5,3
DA:6,2
DA:7,1
DA:9,1
LF:4
LH:4
end_of_record
SF:lib/design_tokens.dart
DA:14,0
DA:64,0
DA:85,0
DA:101,0
DA:126,0
DA:162,0
DA:182,0
DA:232,0
DA:245,0
LF:9
LH:0
end_of_record
SF:lib/l10n/app_localizations.dart
DA:65,4
DA:66,8
DA:70,4
DA:71,4
DA:350,1
DA:352,4
DA:354,8
DA:357,4
DA:359,12
DA:361,0
DA:365,4
DA:367,4
DA:368,4
DA:369,1
DA:370,4
DA:371,4
DA:374,0
LF:17
LH:15
end_of_record
SF:lib/core/app_registry.dart
DA:6,3
DA:7,2
DA:8,1
DA:25,0
DA:26,0
DA:27,0
DA:32,0
DA:33,0
DA:37,0
DA:42,1
DA:44,2
DA:49,2
DA:56,0
DA:57,0
DA:61,0
DA:62,0
DA:63,0
DA:64,0
DA:75,1
LF:19
LH:7
end_of_record
SF:lib/core/micro_app.dart
DA:33,0
DA:37,0
DA:41,0
DA:42,0
DA:46,0
DA:47,0
LF:6
LH:0
end_of_record
SF:lib/core/services/feature_flag_service.dart
DA:4,6
DA:5,4
DA:6,2
DA:23,2
DA:24,4
LF:5
LH:5
end_of_record
SF:lib/core/services/grid_move_calculator.dart
DA:13,1
DA:19,1
DA:21,2
DA:22,2
DA:23,1
DA:25,1
DA:26,1
DA:29,1
DA:31,1
DA:37,1
DA:39,1
DA:40,1
DA:42,4
DA:43,0
DA:48,1
DA:50,1
DA:51,1
DA:52,2
DA:55,1
DA:57,2
DA:58,1
DA:59,2
DA:64,1
DA:65,5
DA:67,1
DA:70,2
DA:71,1
DA:78,1
DA:81,1
DA:86,1
DA:87,2
DA:88,2
DA:89,3
DA:92,1
DA:93,2
DA:94,2
DA:96,2
DA:97,1
DA:99,0
DA:100,0
DA:101,0
DA:106,1
DA:107,2
DA:108,2
DA:109,3
DA:112,1
DA:114,1
DA:115,1
DA:116,2
DA:119,2
DA:120,1
DA:121,1
DA:126,0
DA:130,2
DA:131,2
DA:132,1
DA:139,0
DA:140,0
DA:141,0
DA:143,0
DA:150,1
DA:151,2
DA:153,1
DA:154,1
DA:155,4
DA:157,2
DA:158,1
DA:162,1
DA:163,2
DA:164,1
DA:168,1
DA:169,2
DA:170,1
LF:73
LH:64
end_of_record
SF:lib/core/services/installed_apps_service.dart
DA:9,6
DA:10,4
DA:11,2
DA:25,1
DA:26,1
DA:27,1
DA:30,2
DA:32,0
DA:33,0
DA:34,0
DA:39,1
DA:46,1
DA:49,2
DA:50,2
DA:51,4
DA:55,2
DA:56,4
DA:57,4
DA:63,3
DA:66,1
DA:67,1
DA:68,1
DA:69,4
DA:70,2
DA:71,2
DA:72,1
DA:74,1
DA:75,1
DA:78,2
DA:79,4
DA:80,6
DA:83,2
DA:84,4
DA:85,6
DA:88,1
DA:89,2
DA:90,3
DA:93,1
DA:94,6
DA:97,1
DA:98,3
DA:104,1
DA:106,1
DA:107,1
DA:109,2
DA:110,2
DA:116,1
DA:118,1
DA:119,1
DA:120,2
DA:124,1
DA:125,2
DA:126,0
DA:128,0
DA:129,0
DA:130,0
DA:134,2
DA:136,1
DA:138,3
DA:143,1
DA:144,2
DA:146,1
DA:148,0
DA:151,2
DA:152,2
DA:156,1
DA:157,2
DA:158,3
DA:159,3
DA:160,3
DA:161,4
DA:163,0
DA:167,4
DA:168,4
DA:169,4
DA:171,0
DA:174,2
DA:175,2
DA:179,2
DA:180,4
DA:181,4
DA:187,2
DA:188,2
DA:191,4
DA:192,10
DA:193,6
DA:195,2
DA:196,4
DA:197,4
DA:198,6
DA:200,2
DA:204,2
DA:205,2
DA:209,2
DA:210,4
DA:211,4
DA:212,2
DA:214,1
DA:215,1
DA:221,2
DA:222,3
DA:225,1
DA:226,1
DA:230,2
DA:231,4
DA:239,4
DA:240,4
DA:241,4
DA:242,4
DA:245,4
DA:248,2
DA:249,2
LF:112
LH:102
end_of_record
SF:lib/core/services/navigation_service.dart
DA:7,3
DA:8,2
DA:9,1
DA:14,1
DA:15,2
DA:16,1
DA:21,2
DA:24,0
DA:25,0
DA:27,0
DA:28,0
DA:34,0
DA:35,0
DA:36,0
DA:38,0
DA:39,0
DA:43,0
DA:44,0
DA:45,0
DA:51,0
DA:52,0
DA:53,0
DA:54,0
DA:55,0
DA:61,0
DA:62,0
LF:26
LH:7
end_of_record
SF:lib/l10n/app_localizations_de.dart
DA:9,2
DA:11,1
DA:14,0
DA:17,0
DA:20,0
DA:23,0
DA:26,0
DA:29,0
DA:32,0
DA:35,0
DA:38,0
DA:41,0
DA:44,0
DA:47,0
DA:50,0
DA:53,0
DA:56,0
DA:59,0
DA:62,0
DA:64,0
DA:67,0
DA:70,0
DA:73,0
DA:76,0
DA:79,0
DA:82,0
DA:85,0
DA:88,0
DA:91,0
DA:94,0
DA:97,0
DA:101,0
DA:104,0
DA:108,0
DA:111,0
DA:114,0
DA:117,0
DA:120,0
DA:123,0
DA:127,0
DA:130,0
DA:133,0
DA:136,0
DA:138,0
LF:44
LH:2
end_of_record
SF:lib/l10n/app_localizations_en.dart
DA:9,8
DA:11,3
DA:14,2
DA:17,2
DA:20,2
DA:23,0
DA:26,0
DA:29,0
DA:32,0
DA:35,0
DA:38,0
DA:41,0
DA:44,0
DA:47,0
DA:50,0
DA:53,0
DA:56,1
DA:59,0
DA:62,0
DA:64,0
DA:67,0
DA:70,0
DA:73,0
DA:76,0
DA:79,0
DA:82,0
DA:85,0
DA:88,0
DA:91,0
DA:94,0
DA:97,0
DA:101,0
DA:104,0
DA:108,0
DA:111,0
DA:115,0
DA:118,0
DA:121,0
DA:124,0
DA:128,0
DA:131,0
DA:134,0
DA:137,0
DA:139,0
LF:44
LH:6
end_of_record
SF:lib/core/adk/widgets/t4l_hero_header.dart
DA:17,2
DA:29,2
DA:30,2
DA:37,2
DA:39,2
DA:40,10
DA:41,4
DA:42,0
DA:44,4
DA:48,0
DA:50,0
DA:51,0
DA:52,0
DA:53,0
DA:57,0
DA:59,0
DA:60,0
DA:61,0
DA:62,0
DA:65,0
DA:66,0
DA:67,0
DA:70,0
DA:71,0
DA:72,0
DA:75,0
DA:76,0
DA:78,0
DA:79,0
DA:80,0
DA:81,0
DA:84,0
DA:88,0
DA:89,0
DA:90,0
DA:92,0
DA:93,0
DA:94,0
DA:100,2
DA:102,2
DA:103,0
DA:104,0
DA:106,2
DA:109,2
DA:111,2
DA:112,4
DA:115,4
DA:119,2
DA:120,2
DA:122,2
DA:124,2
DA:127,2
DA:128,2
DA:129,6
DA:131,2
DA:135,2
DA:136,2
DA:137,4
DA:144,4
DA:149,5
DA:151,1
DA:152,2
DA:154,1
DA:159,2
DA:162,1
DA:165,1
DA:166,1
DA:167,2
DA:183,2
DA:185,2
DA:187,4
DA:188,1
DA:189,2
DA:190,1
DA:191,2
DA:193,2
DA:194,2
DA:199,0
DA:200,0
DA:212,1
DA:213,2
DA:215,2
DA:216,2
DA:221,0
DA:222,0
DA:234,2
DA:235,0
DA:236,0
DA:237,0
DA:242,0
DA:243,0
DA:245,0
DA:246,0
DA:247,0
DA:248,0
DA:255,2
DA:256,2
DA:257,2
DA:260,2
DA:261,4
DA:264,2
DA:266,4
DA:269,2
DA:276,4
DA:277,0
LF:105
LH:59
end_of_record
SF:lib/core/os_shell/widgets/t4l_floating_nav_bar.dart
DA:19,3
DA:33,3
DA:34,3
DA:42,3
DA:44,3
DA:45,6
DA:48,3
DA:49,6
DA:52,9
DA:55,3
DA:57,6
DA:58,3
DA:61,3
DA:63,3
DA:66,3
DA:68,3
DA:70,3
DA:71,3
DA:72,3
DA:73,3
DA:74,3
DA:75,3
DA:76,3
DA:77,3
DA:78,3
DA:79,3
DA:80,3
DA:83,3
DA:84,3
DA:85,3
DA:97,3
DA:99,3
DA:101,3
DA:102,6
DA:103,6
DA:104,3
DA:106,3
DA:115,3
DA:116,6
DA:117,6
DA:125,3
DA:126,6
DA:127,6
DA:133,3
DA:134,6
DA:135,6
DA:142,3
DA:146,3
DA:147,3
DA:148,6
DA:149,3
DA:150,3
DA:151,3
DA:152,6
DA:153,6
DA:155,3
DA:157,3
DA:161,3
DA:163,3
DA:164,3
DA:165,6
DA:170,3
DA:171,6
DA:172,3
DA:173,3
DA:174,9
DA:177,9
DA:179,3
DA:186,3
DA:187,3
DA:188,3
DA:190,6
DA:191,0
DA:192,0
DA:195,3
DA:218,3
DA:226,3
DA:228,3
DA:229,3
DA:230,3
DA:231,3
DA:233,3
DA:234,3
DA:235,3
DA:239,9
LF:85
LH:83
end_of_record
SF:lib/core/os_shell/widgets/mini_player.dart
DA:7,1
DA:9,2
DA:11,4
DA:12,2
DA:14,2
DA:15,2
DA:16,2
DA:17,2
DA:20,0
DA:23,0
DA:24,0
DA:25,0
DA:26,0
DA:27,0
DA:28,0
DA:34,0
DA:35,0
DA:37,0
DA:38,0
DA:39,0
DA:40,0
DA:44,0
DA:47,0
DA:54,0
DA:55,0
DA:58,0
DA:59,0
DA:60,0
DA:61,0
DA:65,0
DA:70,0
DA:71,0
DA:72,0
DA:75,0
DA:85,0
DA:87,0
DA:88,0
DA:91,0
DA:93,0
DA:96,0
DA:99,0
DA:100,0
DA:101,0
DA:102,0
DA:103,0
DA:106,0
DA:110,0
DA:114,0
DA:115,0
DA:120,0
DA:123,0
DA:125,0
DA:128,0
DA:131,0
DA:134,0
DA:136,0
DA:139,0
LF:57
LH:8
end_of_record
SF:lib/core/theme/t4l_theme.dart
DA:28,3
DA:44,0
DA:60,0
DA:61,0
DA:62,0
DA:63,0
DA:64,0
DA:65,0
DA:66,0
DA:67,0
DA:68,0
DA:69,0
DA:71,0
DA:72,0
DA:73,0
DA:74,0
DA:78,0
DA:83,0
DA:86,0
DA:87,0
DA:88,0
DA:89,0
DA:90,0
DA:91,0
DA:92,0
DA:93,0
DA:94,0
DA:95,0
DA:96,0
DA:97,0
DA:98,0
DA:101,0
DA:102,0
DA:103,0
DA:104,0
DA:107,0
DA:115,3
DA:118,3
DA:119,3
DA:122,3
DA:126,0
DA:129,0
DA:132,3
DA:134,3
DA:138,3
DA:143,3
DA:144,3
DA:156,3
DA:157,3
DA:165,0
DA:169,0
DA:172,0
DA:175,0
DA:177,0
DA:181,0
DA:186,0
DA:187,0
DA:199,0
DA:200,0
LF:59
LH:12
end_of_record
SF:lib/core/services/audio_player_service.dart
DA:6,3
DA:7,6
DA:9,3
DA:16,0
DA:18,3
DA:23,0
DA:24,0
DA:26,0
DA:27,0
DA:37,0
DA:38,0
DA:41,1
DA:42,2
DA:45,0
DA:46,0
DA:49,0
DA:50,0
DA:52,0
DA:57,0
DA:60,0
DA:64,0
DA:65,0
DA:67,0
DA:68,0
DA:70,0
DA:71,0
DA:72,0
DA:73,0
DA:75,0
DA:78,0
DA:79,0
DA:80,0
DA:81,0
DA:82,0
DA:83,0
DA:86,0
DA:87,0
DA:89,0
DA:90,0
DA:92,0
DA:93,0
DA:94,0
DA:95,0
DA:97,0
LF:44
LH:6
end_of_record
SF:lib/core/os_shell/widgets/t4l_header.dart
DA:9,2
DA:11,2
DA:13,2
DA:15,2
DA:18,2
DA:19,2
DA:21,2
DA:24,2
DA:26,2
DA:27,2
DA:28,2
DA:29,2
DA:35,2
DA:36,2
DA:37,2
DA:44,2
DA:46,0
DA:47,0
DA:48,0
DA:49,0
DA:55,2
LF:21
LH:17
end_of_record
SF:lib/core/os_shell/widgets/t4l_scaffold.dart
DA:24,1
DA:35,2
DA:37,2
DA:38,2
DA:41,2
DA:45,2
DA:46,2
DA:49,2
DA:50,2
DA:52,2
DA:53,2
DA:54,4
DA:60,2
DA:61,2
DA:62,2
DA:65,2
DA:66,4
DA:67,2
DA:68,2
DA:70,3
DA:77,2
DA:78,2
DA:79,2
DA:81,2
DA:87,2
DA:91,2
DA:92,2
DA:94,2
DA:102,2
DA:103,2
DA:104,2
DA:106,2
DA:108,2
DA:109,2
DA:111,2
DA:112,2
DA:113,0
DA:114,2
DA:116,2
DA:117,2
DA:122,2
DA:124,2
DA:130,2
DA:140,2
DA:141,2
DA:142,2
DA:146,2
DA:148,2
DA:153,3
DA:154,4
DA:155,2
DA:156,2
DA:157,2
DA:158,2
DA:159,2
DA:160,2
DA:161,0
DA:162,0
DA:163,0
DA:164,0
DA:165,0
DA:166,0
DA:167,0
DA:169,0
DA:173,0
DA:174,0
DA:175,0
DA:177,0
LF:68
LH:55
end_of_record
SF:lib/core/os_shell/widgets/user_settings_dialog.dart
DA:9,1
DA:11,0
DA:13,0
DA:14,0
DA:15,0
DA:22,0
DA:23,0
DA:26,0
DA:28,0
DA:29,0
DA:31,0
DA:34,0
DA:35,0
DA:36,0
DA:37,0
DA:44,0
DA:45,0
DA:46,0
DA:54,0
DA:57,0
DA:58,0
DA:59,0
DA:60,0
DA:64,0
DA:67,0
DA:68,0
DA:69,0
DA:70,0
DA:74,0
DA:76,0
DA:84,0
DA:86,0
DA:88,0
DA:89,0
DA:91,0
DA:93,0
DA:94,0
DA:96,0
DA:101,0
DA:102,0
DA:103,0
DA:110,0
DA:112,0
DA:120,0
DA:122,0
DA:124,0
DA:125,0
DA:127,0
DA:128,0
DA:129,0
DA:133,0
DA:137,0
DA:139,0
DA:140,0
DA:146,0
DA:147,0
DA:148,0
DA:149,0
DA:155,0
DA:156,0
DA:157,0
DA:159,0
DA:171,0
DA:173,0
DA:174,0
DA:175,0
DA:176,0
DA:194,0
DA:201,0
DA:203,0
DA:204,0
DA:211,0
DA:212,0
DA:213,0
DA:215,0
DA:216,0
DA:217,0
DA:219,0
DA:220,0
DA:221,0
DA:224,0
DA:226,0
DA:227,0
DA:228,0
DA:229,0
DA:230,0
DA:231,0
DA:234,0
DA:235,0
LF:89
LH:1
end_of_record
SF:lib/core/os_shell/widgets/team_selector_dialog.dart
DA:8,1
DA:10,0
DA:12,0
DA:13,0
DA:15,0
DA:17,0
DA:18,0
DA:20,0
DA:21,0
DA:24,0
DA:27,0
DA:38,0
DA:39,0
DA:46,0
DA:47,0
DA:48,0
DA:49,0
DA:51,0
DA:52,0
DA:53,0
DA:54,0
DA:56,0
DA:58,0
DA:60,0
DA:61,0
DA:62,0
DA:63,0
DA:65,0
DA:70,0
DA:71,0
DA:73,0
DA:86,0
DA:88,0
DA:89,0
LF:34
LH:1
end_of_record
SF:lib/core/services/t4l_audio_handler.dart
DA:11,0
DA:12,0
DA:17,0
DA:19,0
DA:20,0
DA:23,0
DA:24,0
DA:27,0
DA:28,0
DA:29,0
DA:34,0
DA:35,0
DA:37,0
DA:47,0
DA:48,0
DA:49,0
DA:50,0
DA:51,0
DA:53,0
DA:57,0
DA:58,0
DA:59,0
DA:60,0
DA:61,0
DA:63,0
DA:64,0
DA:65,0
DA:67,0
DA:70,0
DA:71,0
DA:72,0
DA:79,0
DA:80,0
DA:82,0
DA:83,0
DA:84,0
DA:85,0
DA:100,0
DA:102,0
DA:104,0
DA:108,0
DA:109,0
DA:111,0
DA:112,0
DA:114,0
DA:116,0
DA:117,0
DA:120,0
DA:121,0
DA:123,0
DA:124,0
DA:126,0
DA:128,0
DA:129,0
DA:130,0
DA:132,0
DA:136,0
DA:138,0
DA:145,0
DA:147,0
DA:148,0
DA:149,0
DA:153,0
DA:155,0
DA:156,0
DA:157,0
DA:158,0
DA:160,0
DA:164,0
DA:165,0
DA:166,0
DA:167,0
DA:171,0
DA:173,0
DA:176,0
LF:75
LH:0
end_of_record
SF:lib/micro_apps/deep_dive/controllers/deep_dive_detail_controller.dart
DA:9,2
DA:10,0
DA:12,0
DA:13,0
DA:14,0
DA:17,0
DA:19,0
DA:22,0
DA:23,0
DA:25,0
DA:27,0
DA:28,0
LF:12
LH:1
end_of_record
SF:lib/micro_apps/deep_dive/models/deep_dive_article.dart
DA:5,0
DA:21,2
DA:35,0
DA:37,0
DA:38,0
DA:39,0
DA:40,0
DA:41,0
DA:43,0
DA:45,0
DA:48,0
DA:51,0
DA:52,0
DA:55,0
DA:56,0
DA:57,0
DA:58,0
DA:61,0
DA:62,0
DA:63,0
DA:64,0
DA:65,0
DA:66,0
DA:71,0
DA:72,0
DA:91,0
LF:26
LH:1
end_of_record
SF:lib/micro_apps/deep_dive/views/deep_dive_screen.dart
DA:20,1
DA:22,1
DA:23,1
DA:31,1
DA:33,1
DA:34,2
DA:35,3
DA:36,5
DA:39,1
DA:41,2
DA:42,2
DA:43,1
DA:46,1
DA:48,2
DA:49,1
DA:50,3
DA:52,1
DA:53,1
DA:54,1
DA:55,1
DA:56,1
DA:57,3
DA:58,2
DA:59,1
DA:61,1
DA:62,1
DA:63,1
DA:64,1
DA:65,1
DA:66,1
DA:67,1
DA:68,1
DA:69,1
DA:70,1
DA:72,2
DA:73,1
DA:75,0
DA:77,0
DA:78,0
DA:80,0
DA:82,0
DA:84,0
DA:88,0
DA:89,0
DA:91,0
DA:93,0
DA:94,0
DA:95,0
DA:96,0
DA:97,0
DA:98,0
DA:103,0
DA:108,0
DA:109,0
DA:111,0
DA:112,0
DA:113,0
DA:120,0
DA:121,0
DA:127,0
DA:131,0
DA:141,1
DA:143,1
DA:144,0
DA:145,0
DA:146,0
DA:147,0
DA:148,0
DA:151,0
DA:152,0
DA:153,0
DA:154,0
DA:157,0
DA:159,0
DA:166,0
DA:169,0
DA:170,0
DA:172,0
DA:173,0
DA:174,0
DA:175,0
DA:181,0
DA:182,0
DA:183,0
DA:184,0
DA:185,0
DA:189,0
DA:190,0
DA:194,0
DA:195,0
DA:199,0
DA:200,0
DA:203,0
DA:204,0
DA:205,0
DA:216,1
DA:219,1
DA:220,1
DA:221,1
DA:222,1
DA:223,1
DA:227,1
DA:228,1
DA:232,1
DA:233,1
DA:237,1
DA:238,1
DA:241,1
DA:242,1
DA:243,1
DA:247,0
DA:248,0
DA:249,0
DA:250,0
DA:251,0
DA:259,1
DA:260,0
DA:264,0
DA:266,0
DA:267,0
DA:270,0
DA:272,0
DA:273,0
DA:274,0
DA:275,0
DA:283,0
DA:284,0
DA:285,0
DA:286,0
DA:287,0
DA:288,0
DA:289,0
DA:290,0
DA:292,0
DA:295,0
DA:296,0
DA:303,0
DA:304,0
DA:305,0
DA:307,0
DA:322,1
DA:327,2
DA:331,1
DA:332,1
DA:333,0
DA:338,1
DA:339,1
DA:344,2
DA:346,1
LF:149
LH:62
end_of_record
SF:lib/micro_apps/radio/controllers/radio_controller.dart
DA:14,0
DA:17,2
DA:24,2
DA:27,0
DA:30,0
DA:33,1
DA:34,2
DA:35,7
DA:40,0
DA:45,1
DA:46,1
DA:49,0
DA:51,0
DA:52,0
DA:55,1
DA:56,1
DA:57,1
DA:60,4
DA:62,0
DA:67,1
DA:68,1
DA:69,1
DA:72,1
DA:73,1
DA:74,1
DA:77,1
DA:81,1
DA:82,0
DA:83,0
DA:84,0
DA:86,0
DA:87,0
DA:88,0
DA:89,0
DA:92,3
DA:96,1
DA:98,1
DA:100,0
DA:103,0
DA:104,0
DA:106,0
DA:107,0
DA:108,0
DA:109,0
DA:110,0
DA:112,0
DA:113,0
DA:115,0
DA:118,3
DA:121,1
DA:124,1
DA:128,1
DA:129,0
DA:131,2
DA:135,2
DA:136,1
DA:140,1
DA:141,2
DA:147,1
DA:148,1
DA:151,0
DA:155,0
DA:156,0
DA:160,0
DA:161,0
DA:162,0
DA:164,0
DA:166,0
DA:173,0
DA:176,0
DA:178,0
DA:187,0
DA:188,0
DA:191,0
DA:192,0
DA:197,0
DA:200,0
DA:204,0
DA:206,0
DA:207,0
DA:208,0
DA:209,0
DA:211,0
DA:214,0
DA:217,0
DA:218,0
DA:220,0
DA:222,0
DA:224,0
DA:228,0
DA:231,0
DA:235,0
DA:237,0
DA:241,0
DA:242,0
DA:243,0
DA:245,0
DA:246,0
DA:249,0
DA:252,0
DA:255,0
DA:259,0
DA:260,0
DA:263,0
DA:266,1
DA:268,1
DA:270,0
DA:273,0
DA:275,0
DA:276,0
DA:277,0
DA:278,0
DA:279,0
DA:280,0
DA:281,0
DA:282,0
DA:283,0
DA:284,0
DA:285,0
DA:287,0
DA:290,3
DA:298,1
DA:299,1
DA:300,2
DA:301,2
DA:304,0
DA:305,0
DA:307,0
DA:308,0
DA:309,0
LF:130
LH:40
end_of_record
SF:lib/micro_apps/radio/views/widgets/radio_home_widget.dart
DA:11,1
DA:13,0
DA:14,0
DA:23,0
DA:25,0
DA:26,0
DA:29,0
DA:31,0
DA:34,0
DA:37,0
DA:38,0
DA:40,0
DA:41,0
DA:42,0
DA:46,0
DA:47,0
DA:48,0
DA:50,0
DA:51,0
DA:53,0
DA:54,0
DA:63,0
DA:65,0
DA:66,0
DA:67,0
DA:68,0
DA:71,0
DA:73,0
DA:74,0
DA:76,0
DA:77,0
DA:78,0
DA:79,0
DA:92,0
DA:96,0
DA:97,0
DA:103,0
DA:108,0
DA:109,0
DA:112,0
DA:113,0
DA:115,0
DA:116,0
DA:117,0
DA:118,0
DA:119,0
DA:122,0
DA:123,0
DA:124,0
DA:132,0
DA:133,0
DA:136,0
DA:140,0
DA:142,0
DA:143,0
DA:148,0
DA:159,0
DA:161,0
DA:162,0
DA:164,0
DA:165,0
DA:166,0
DA:167,0
DA:168,0
DA:171,0
DA:172,0
DA:173,0
DA:174,0
DA:178,0
DA:181,0
DA:183,0
DA:184,0
DA:185,0
DA:186,0
DA:192,0
DA:204,0
DA:205,0
DA:207,0
DA:208,0
DA:209,0
DA:210,0
DA:214,0
DA:218,0
DA:219,0
DA:220,0
DA:221,0
DA:232,0
DA:234,0
DA:235,0
DA:238,0
DA:239,0
DA:240,0
DA:241,0
DA:242,0
DA:246,0
DA:251,0
DA:252,0
DA:253,0
DA:254,0
DA:257,0
LF:100
LH:1
end_of_record
SF:lib/micro_apps/radio/views/deep_dive_collection_screen.dart
DA:12,1
DA:14,0
DA:16,0
DA:17,0
DA:18,0
DA:19,0
DA:21,0
DA:23,0
DA:24,0
DA:25,0
DA:26,0
DA:28,0
DA:31,0
DA:32,0
DA:36,0
DA:41,0
DA:43,0
DA:46,0
DA:47,0
DA:49,0
DA:51,0
DA:54,0
DA:70,0
DA:76,0
DA:77,0
DA:79,0
DA:80,0
DA:81,0
DA:82,0
DA:84,0
DA:87,0
DA:88,0
DA:89,0
DA:90,0
DA:95,0
DA:97,0
DA:98,0
DA:99,0
DA:100,0
DA:101,0
DA:102,0
DA:103,0
DA:110,0
DA:111,0
DA:112,0
DA:114,0
DA:115,0
DA:117,0
DA:121,0
DA:122,0
DA:123,0
DA:124,0
DA:127,0
DA:129,0
DA:130,0
DA:138,0
DA:141,0
DA:143,0
DA:144,0
DA:148,0
DA:149,0
DA:150,0
DA:168,0
DA:169,0
DA:170,0
DA:174,0
DA:183,0
DA:184,0
DA:185,0
DA:189,0
LF:70
LH:1
end_of_record
SF:lib/micro_apps/radio/models/radio_station.dart
DA:10,1
DA:20,0
DA:21,0
DA:22,0
DA:23,0
DA:24,0
DA:25,0
DA:26,0
DA:27,0
DA:28,0
LF:10
LH:1
end_of_record
SF:lib/micro_apps/radio/views/news_collection_screen.dart
DA:13,1
DA:15,0
DA:16,0
DA:25,0
DA:27,0
DA:28,0
DA:29,0
DA:30,0
DA:33,0
DA:35,0
DA:36,0
DA:37,0
DA:39,0
DA:40,0
DA:41,0
DA:42,0
DA:43,0
DA:44,0
DA:45,0
DA:46,0
DA:50,0
DA:51,0
DA:52,0
DA:54,0
DA:59,0
DA:61,0
DA:62,0
DA:63,0
DA:65,0
DA:71,0
DA:72,0
DA:73,0
DA:74,0
DA:75,0
DA:76,0
DA:81,0
DA:84,0
DA:85,0
DA:87,0
DA:88,0
DA:90,0
DA:91,0
DA:92,0
DA:97,0
DA:99,0
DA:100,0
DA:101,0
DA:102,0
DA:106,0
DA:107,0
DA:108,0
DA:117,0
DA:118,0
DA:123,0
DA:125,0
DA:126,0
DA:127,0
DA:128,0
DA:129,0
DA:130,0
DA:131,0
DA:132,0
DA:143,0
DA:148,0
DA:149,0
DA:150,0
DA:151,0
DA:152,0
DA:155,0
DA:156,0
DA:157,0
DA:158,0
DA:159,0
DA:160,0
DA:161,0
DA:162,0
DA:163,0
DA:170,0
DA:172,0
DA:174,0
DA:178,0
DA:179,0
DA:180,0
DA:182,0
DA:184,0
DA:185,0
DA:186,0
DA:189,0
DA:192,0
DA:193,0
DA:194,0
DA:195,0
DA:203,0
DA:204,0
DA:205,0
DA:206,0
DA:208,0
DA:209,0
DA:210,0
DA:211,0
DA:214,0
DA:217,0
DA:218,0
DA:219,0
DA:220,0
DA:221,0
DA:231,0
DA:232,0
DA:233,0
DA:243,0
DA:244,0
DA:248,0
DA:254,0
DA:259,0
DA:261,0
DA:264,0
DA:265,0
DA:266,0
DA:268,0
DA:271,0
DA:285,0
DA:291,0
DA:292,0
DA:294,0
DA:295,0
DA:296,0
DA:297,0
DA:298,0
DA:299,0
DA:300,0
DA:305,0
DA:307,0
DA:308,0
DA:309,0
DA:310,0
DA:311,0
DA:312,0
DA:313,0
DA:320,0
DA:321,0
DA:322,0
DA:324,0
DA:325,0
DA:327,0
DA:331,0
DA:332,0
DA:333,0
DA:334,0
DA:337,0
DA:339,0
DA:340,0
DA:348,0
DA:351,0
DA:353,0
DA:354,0
DA:358,0
DA:359,0
DA:360,0
DA:379,0
DA:380,0
DA:381,0
DA:382,0
DA:386,0
DA:393,0
DA:395,0
DA:396,0
DA:397,0
DA:401,0
LF:168
LH:1
end_of_record
SF:lib/micro_apps/radio/views/widgets/radio_station_card.dart
DA:12,0
DA:19,0
DA:20,0
DA:27,0
DA:29,0
DA:30,0
DA:33,0
DA:35,0
DA:36,0
DA:39,0
DA:40,0
DA:41,0
DA:42,0
DA:43,0
DA:44,0
DA:45,0
DA:52,0
DA:54,0
DA:55,0
DA:56,0
DA:59,0
DA:61,0
DA:64,0
DA:66,0
DA:67,0
DA:68,0
DA:69,0
DA:70,0
DA:71,0
DA:77,0
DA:78,0
DA:80,0
DA:81,0
DA:83,0
DA:84,0
DA:85,0
DA:87,0
DA:92,0
DA:94,0
DA:96,0
DA:102,0
DA:105,0
DA:106,0
DA:108,0
DA:116,0
DA:117,0
DA:119,0
DA:121,0
DA:122,0
DA:123,0
DA:124,0
DA:128,0
DA:134,0
DA:135,0
DA:136,0
DA:139,0
DA:154,0
DA:156,0
DA:157,0
DA:164,0
DA:166,0
DA:168,0
DA:169,0
DA:170,0
DA:171,0
DA:190,0
DA:191,0
DA:193,0
DA:194,0
DA:195,0
DA:196,0
DA:197,0
DA:198,0
DA:199,0
DA:200,0
DA:201,0
DA:202,0
DA:203,0
DA:204,0
DA:205,0
DA:206,0
DA:207,0
DA:208,0
DA:209,0
DA:210,0
DA:211,0
DA:212,0
DA:213,0
DA:215,0
LF:89
LH:0
end_of_record
SF:lib/micro_apps/radio/views/radio_screen.dart
DA:16,1
DA:18,0
DA:19,0
DA:26,0
DA:28,0
DA:29,0
DA:30,0
DA:31,0
DA:35,0
DA:38,0
DA:41,0
DA:43,0
DA:44,0
DA:45,0
DA:47,0
DA:48,0
DA:49,0
DA:50,0
DA:52,0
DA:58,0
DA:60,0
DA:63,0
DA:64,0
DA:65,0
DA:67,0
DA:70,0
DA:71,0
DA:75,0
DA:76,0
DA:77,0
DA:84,0
DA:85,0
DA:86,0
DA:87,0
DA:89,0
DA:90,0
DA:95,0
DA:97,0
DA:104,0
DA:116,0
DA:117,0
DA:118,0
DA:119,0
DA:121,0
DA:126,0
DA:127,0
DA:128,0
DA:129,0
DA:131,0
DA:132,0
DA:133,0
DA:134,0
DA:135,0
DA:136,0
DA:137,0
DA:142,0
DA:143,0
DA:144,0
DA:145,0
DA:146,0
DA:147,0
DA:153,0
DA:157,0
DA:159,0
DA:163,0
DA:164,0
DA:169,0
DA:170,0
DA:171,0
DA:172,0
DA:174,0
DA:175,0
DA:176,0
DA:177,0
DA:178,0
DA:195,0
DA:197,0
DA:198,0
DA:199,0
DA:200,0
DA:201,0
DA:202,0
LF:82
LH:1
end_of_record
SF:lib/micro_apps/radio/models/radio_category.dart
DA:5,1
LF:1
LH:1
end_of_record
SF:lib/micro_apps/standings/controllers/standings_controller.dart
DA:21,2
DA:24,0
DA:25,0
DA:29,2
DA:53,0
DA:56,2
DA:57,2
DA:58,2
DA:60,1
DA:62,2
DA:63,1
DA:67,1
DA:68,1
DA:72,1
DA:73,2
DA:74,1
DA:75,1
DA:76,1
DA:81,1
DA:82,2
DA:83,1
DA:85,1
DA:87,1
DA:91,0
DA:92,0
DA:96,2
DA:97,0
DA:98,0
DA:99,2
DA:100,2
DA:101,3
DA:102,1
DA:103,0
DA:104,0
DA:105,0
DA:108,2
DA:109,2
DA:110,0
DA:113,2
DA:114,10
DA:115,2
DA:116,0
DA:117,0
DA:118,0
DA:124,2
DA:126,2
DA:128,4
DA:129,0
DA:130,0
DA:131,0
DA:140,2
DA:141,4
DA:142,0
DA:145,0
DA:146,0
DA:147,0
DA:148,0
DA:149,0
DA:150,0
DA:152,0
DA:154,0
DA:155,0
DA:158,0
DA:161,0
DA:162,0
DA:167,2
DA:168,4
DA:169,0
DA:172,0
DA:173,0
DA:174,0
DA:175,0
DA:176,0
DA:177,0
DA:179,0
DA:181,0
DA:182,0
DA:185,0
DA:188,0
DA:189,0
DA:193,1
DA:194,2
DA:195,1
DA:196,1
DA:199,2
DA:200,1
DA:206,1
DA:207,1
DA:208,1
DA:209,1
DA:212,3
DA:213,4
DA:214,4
DA:217,3
DA:218,1
DA:219,1
DA:221,2
DA:223,1
DA:224,1
DA:226,0
DA:227,0
DA:228,0
DA:231,1
DA:235,1
DA:236,1
DA:237,1
DA:238,1
DA:241,3
DA:242,1
DA:243,1
DA:244,1
DA:246,0
DA:247,0
DA:248,0
DA:251,1
DA:255,0
DA:256,0
DA:257,0
DA:258,0
DA:263,0
DA:264,0
DA:265,0
DA:266,0
DA:267,0
DA:272,0
DA:273,0
DA:274,0
DA:275,0
DA:276,0
DA:281,1
DA:282,3
DA:283,0
DA:284,0
DA:289,5
DA:292,8
LF:135
LH:70
end_of_record
SF:lib/micro_apps/standings/models/game_model.dart
DA:30,2
DA:59,3
DA:62,3
DA:65,1
DA:66,1
DA:67,4
DA:68,4
DA:73,1
DA:74,1
DA:75,1
DA:76,1
DA:77,1
DA:78,1
DA:79,1
DA:80,2
DA:81,1
DA:82,1
DA:83,1
DA:84,1
DA:85,1
DA:86,1
DA:87,1
DA:88,1
DA:89,1
DA:90,1
DA:91,1
DA:92,1
DA:93,1
DA:94,1
DA:95,1
DA:96,1
DA:97,1
DA:98,1
DA:99,1
DA:104,1
DA:105,1
DA:106,1
DA:107,1
DA:108,1
DA:109,1
DA:110,1
DA:111,4
DA:112,1
DA:113,1
DA:114,1
DA:115,1
DA:116,1
DA:117,1
DA:118,1
DA:119,1
DA:120,1
DA:121,1
DA:122,1
DA:123,1
DA:124,1
DA:125,1
DA:126,1
DA:127,1
DA:128,1
DA:129,1
DA:130,1
DA:134,1
DA:135,5
LF:63
LH:63
end_of_record
SF:lib/micro_apps/standings/models/team_standing.dart
DA:21,0
DA:42,0
DA:43,0
DA:44,0
DA:45,0
DA:46,0
DA:47,0
DA:48,0
DA:49,0
DA:50,0
DA:51,0
DA:52,0
DA:53,0
DA:54,0
DA:55,0
DA:56,0
DA:57,0
DA:58,0
DA:59,0
DA:60,0
DA:65,0
DA:66,0
DA:67,0
DA:69,0
DA:73,0
DA:74,0
DA:78,0
DA:79,0
DA:83,0
DA:84,0
DA:88,0
DA:89,0
DA:90,0
DA:92,0
DA:101,0
DA:107,0
DA:108,0
DA:109,0
DA:110,0
DA:112,0
DA:113,0
DA:118,0
DA:119,0
DA:128,1
DA:134,0
DA:135,0
DA:136,0
DA:137,0
DA:139,0
DA:140,0
LF:50
LH:1
end_of_record
SF:lib/micro_apps/standings/services/standings_service.dart
DA:11,0
DA:14,2
DA:15,2
DA:19,0
DA:21,0
DA:23,0
DA:24,0
DA:27,0
DA:29,0
DA:30,0
DA:32,0
DA:39,0
DA:40,0
DA:42,0
DA:43,0
DA:51,0
DA:52,0
DA:58,0
DA:59,0
DA:60,0
DA:66,0
DA:70,0
DA:71,0
DA:72,0
DA:80,0
LF:25
LH:2
end_of_record
SF:lib/micro_apps/standings/services/standings_data_service.dart
DA:11,0
DA:14,2
DA:15,2
DA:19,0
DA:21,0
DA:22,0
DA:27,0
DA:28,0
DA:31,0
DA:33,0
DA:34,0
DA:36,0
DA:45,0
LF:13
LH:2
end_of_record
SF:lib/micro_apps/deep_dive/controllers/deep_dive_controller.dart
DA:9,2
DA:10,2
DA:12,1
DA:13,2
DA:15,1
DA:16,1
DA:19,2
DA:21,0
DA:23,0
DA:25,1
DA:26,1
DA:30,0
DA:32,0
DA:34,0
DA:37,0
DA:38,0
LF:16
LH:9
end_of_record
SF:lib/micro_apps/breaking_news/views/widgets/breaking_news_widget.dart
DA:14,1
DA:16,1
DA:18,1
DA:19,2
DA:26,1
DA:28,1
DA:30,1
DA:31,2
DA:33,2
DA:34,0
DA:35,4
DA:37,1
DA:39,1
DA:40,0
DA:41,0
DA:43,0
DA:46,1
DA:47,1
DA:48,1
DA:49,1
DA:50,1
DA:51,1
DA:52,1
DA:60,1
DA:62,1
DA:63,1
DA:65,1
DA:69,1
DA:71,1
DA:74,0
DA:77,0
DA:78,0
DA:79,0
DA:80,0
DA:83,2
DA:86,1
DA:87,1
DA:88,1
DA:91,1
DA:93,1
DA:101,1
DA:103,1
DA:106,1
DA:108,1
DA:113,1
DA:114,1
DA:115,1
DA:117,1
DA:118,2
DA:128,1
DA:129,1
DA:139,2
DA:140,0
DA:142,0
DA:143,0
DA:144,0
DA:146,0
DA:150,0
DA:151,0
DA:153,0
DA:154,0
DA:155,0
LF:62
LH:43
end_of_record
SF:lib/micro_apps/breaking_news/controllers/breaking_news_controller.dart
DA:9,0
DA:10,0
DA:30,0
DA:31,0
DA:32,0
DA:33,0
DA:34,0
DA:35,0
DA:36,0
DA:37,0
DA:38,0
DA:39,0
DA:41,0
DA:42,0
DA:43,0
DA:44,0
DA:45,0
DA:47,0
DA:55,0
DA:56,0
DA:57,0
DA:67,0
DA:69,0
DA:70,0
DA:73,0
DA:74,0
DA:76,0
DA:79,0
DA:82,0
DA:84,0
DA:86,0
DA:87,0
DA:88,0
DA:91,0
DA:92,0
DA:93,0
DA:97,0
DA:98,0
DA:99,0
DA:101,0
DA:102,0
DA:103,0
DA:104,0
DA:106,0
DA:107,0
DA:110,0
DA:111,0
DA:112,0
DA:113,0
DA:115,0
DA:116,0
DA:117,0
DA:118,0
DA:119,0
DA:120,0
DA:121,0
DA:123,0
DA:127,0
DA:130,0
DA:131,0
DA:134,0
DA:135,0
DA:136,0
DA:137,0
DA:138,0
DA:140,0
DA:143,0
DA:144,0
DA:145,0
DA:147,0
DA:151,0
DA:155,0
DA:159,0
DA:160,0
DA:161,0
DA:165,0
DA:166,0
DA:167,0
DA:173,0
DA:175,0
DA:177,0
DA:184,0
DA:185,0
DA:189,0
DA:190,0
DA:191,0
DA:192,0
DA:198,0
DA:199,0
DA:200,0
DA:201,0
DA:202,0
DA:205,0
DA:206,0
DA:207,0
DA:208,0
DA:211,0
DA:212,0
DA:215,0
DA:217,0
DA:219,0
DA:221,0
DA:223,0
DA:225,0
DA:227,0
DA:230,0
DA:231,0
DA:232,0
DA:233,0
DA:238,0
DA:239,0
DA:240,0
DA:241,0
DA:242,0
DA:243,0
DA:246,0
DA:247,0
DA:248,0
DA:250,0
DA:252,0
DA:253,0
DA:254,0
DA:255,0
DA:258,0
DA:260,0
DA:262,0
DA:264,0
DA:271,0
DA:272,0
DA:274,0
DA:275,0
DA:279,0
DA:280,0
DA:281,0
DA:282,0
DA:283,0
DA:284,0
DA:286,0
DA:287,0
DA:288,0
DA:289,0
DA:292,0
LF:142
LH:0
end_of_record
SF:lib/micro_apps/breaking_news/models/breaking_news_article.dart
DA:5,1
DA:10,1
DA:11,1
DA:12,2
DA:13,1
DA:23,1
DA:29,1
DA:30,1
DA:31,1
DA:32,1
DA:33,2
DA:51,1
DA:65,1
DA:66,1
DA:67,2
DA:68,1
DA:69,1
DA:70,1
DA:71,1
DA:72,1
DA:73,2
DA:74,1
DA:75,3
DA:76,4
DA:77,1
DA:78,1
DA:79,3
DA:80,4
DA:81,1
DA:82,1
DA:83,1
LF:31
LH:31
end_of_record
SF:lib/micro_apps/breaking_news/services/breaking_news_service.dart
DA:7,0
DA:11,0
DA:13,0
DA:16,0
DA:17,0
DA:19,0
LF:6
LH:0
end_of_record
